<?xml version="1.0" encoding="UTF-8"?>
<!-- Generated by org.testng.reporters.JUnitReportReporter -->
<testsuite hostname="AH4000735LT" failures="0" tests="3" name="stepDefinition.TestRunner" time="0.916" errors="3" timestamp="2024-02-13T15:50:42 IST" skipped="0">
  <testcase classname="stepDefinition.TestRunner" name="scenario" time="0.056">
    <error message="Cannot invoke &quot;org.openqa.selenium.WebDriver.manage()&quot; because the return value of &quot;basePackage.DriverFactory.getDriver()&quot; is null" type="java.lang.NullPointerException">
      <![CDATA[java.lang.NullPointerException: Cannot invoke "org.openqa.selenium.WebDriver.manage()" because the return value of "basePackage.DriverFactory.getDriver()" is null
at basePackage.DriverFactory.initiateDriver(DriverFactory.java:41)
at stepDefinition.ApplicationHooks.launchBrowser(ApplicationHooks.java:30)
]]>
    </error>
  </testcase> <!-- scenario -->
  <system-out/>
  <testcase classname="stepDefinition.TestRunner" name="scenario" time="0.786">
    <error message="Cannot invoke &quot;org.openqa.selenium.WebDriver.manage()&quot; because the return value of &quot;basePackage.DriverFactory.getDriver()&quot; is null" type="java.lang.NullPointerException">
      <![CDATA[java.lang.NullPointerException: Cannot invoke "org.openqa.selenium.WebDriver.manage()" because the return value of "basePackage.DriverFactory.getDriver()" is null
at basePackage.DriverFactory.initiateDriver(DriverFactory.java:41)
at stepDefinition.ApplicationHooks.launchBrowser(ApplicationHooks.java:30)
]]>
    </error>
  </testcase> <!-- scenario -->
  <system-out/>
  <testcase classname="stepDefinition.TestRunner" name="scenario" time="0.074">
    <error message="Cannot invoke &quot;org.openqa.selenium.WebDriver.manage()&quot; because the return value of &quot;basePackage.DriverFactory.getDriver()&quot; is null" type="java.lang.NullPointerException">
      <![CDATA[java.lang.NullPointerException: Cannot invoke "org.openqa.selenium.WebDriver.manage()" because the return value of "basePackage.DriverFactory.getDriver()" is null
at basePackage.DriverFactory.initiateDriver(DriverFactory.java:41)
at stepDefinition.ApplicationHooks.launchBrowser(ApplicationHooks.java:30)
]]>
    </error>
  </testcase> <!-- scenario -->
  <system-out/>
</testsuite> <!-- stepDefinition.TestRunner -->
