<?xml version="1.0" encoding="UTF-8"?>
<!-- Generated by org.testng.reporters.JUnitReportReporter -->
<testsuite hostname="AH4000735LT" failures="0" tests="4" name="stepDefinition.TestRunner" time="182.021" errors="0" timestamp="2024-02-29T17:26:28 IST" skipped="0">
  <testcase classname="stepDefinition.TestRunner" name="scenario" time="59.803"/>
  <system-out/>
  <testcase classname="stepDefinition.TestRunner" name="scenario" time="57.614"/>
  <system-out/>
  <testcase classname="stepDefinition.TestRunner" name="scenario" time="31.475"/>
  <system-out/>
  <testcase classname="stepDefinition.TestRunner" name="scenario" time="33.129"/>
  <system-out/>
</testsuite> <!-- stepDefinition.TestRunner -->
