<?xml version="1.0" encoding="UTF-8"?>
<!-- Generated by org.testng.reporters.JUnitReportReporter -->
<testsuite hostname="AH4000735LT" failures="0" tests="4" name="stepDefinition.TestRunner" time="24.495" errors="0" timestamp="2024-02-23T11:37:42 IST" skipped="0">
  <testcase classname="stepDefinition.TestRunner" name="scenario" time="3.949"/>
  <system-out/>
  <testcase classname="stepDefinition.TestRunner" name="scenario" time="9.842"/>
  <system-out/>
  <testcase classname="stepDefinition.TestRunner" name="scenario" time="2.871"/>
  <system-out/>
  <testcase classname="stepDefinition.TestRunner" name="scenario" time="7.833"/>
  <system-out/>
</testsuite> <!-- stepDefinition.TestRunner -->
