<?xml version="1.0" encoding="UTF-8"?>
<!-- Generated by org.testng.reporters.JUnitReportReporter -->
<testsuite hostname="AH4000735LT" failures="0" tests="4" name="stepDefinition.TestRunner" time="43.046" errors="0" timestamp="2024-03-13T17:07:07 IST" skipped="0">
  <testcase classname="stepDefinition.TestRunner" name="scenario" time="3.848"/>
  <system-out/>
  <testcase classname="stepDefinition.TestRunner" name="scenario" time="4.452"/>
  <system-out/>
  <testcase classname="stepDefinition.TestRunner" name="scenario" time="15.641"/>
  <system-out/>
  <testcase classname="stepDefinition.TestRunner" name="scenario" time="19.105"/>
  <system-out/>
</testsuite> <!-- stepDefinition.TestRunner -->
